2025-02-22 11:04:24,442 - __main__ - INFO - 

====================================================================================================
2025-02-22 11:04:24,442 - __main__ - INFO - Starting new fetch operation at 2025-02-22 11:04:24
2025-02-22 11:04:24,442 - __main__ - INFO - ====================================================================================================

2025-02-22 11:04:24,449 - __main__ - INFO - 
--------------------------------------------------
2025-02-22 11:04:24,449 - __main__ - INFO - Processing source: peoply
2025-02-22 11:04:24,449 - __main__ - INFO - Using cached data for peoply.app
2025-02-22 11:04:24,451 - src.scrapers.peoply - INFO - Found 13 events from API
2025-02-22 11:04:24,453 - src.scrapers.peoply - INFO - Successfully parsed event: GeoGuessr Turnering (2025-02-24 16:00:00+01:00 - 2025-02-24 16:00:00+01:00)
2025-02-22 11:04:24,453 - src.scrapers.peoply - INFO - Successfully parsed event: Aking i Korketrekkeren (2025-02-24 17:15:00+01:00 - 2025-02-24 17:15:00+01:00)
2025-02-22 11:04:24,453 - src.scrapers.peoply - INFO - Successfully parsed event: Generalforsamling V25 (2025-02-26 17:00:00+01:00 - 2025-02-26 17:00:00+01:00)
2025-02-22 11:04:24,453 - src.scrapers.peoply - INFO - Successfully parsed event: Kakefredag (2025-02-28 12:00:00+01:00 - 2025-02-28 12:00:00+01:00)
2025-02-22 11:04:24,453 - src.scrapers.peoply - INFO - Successfully parsed event: Gratis buldring! (2025-02-28 14:30:00+01:00 - 2025-02-28 14:30:00+01:00)
2025-02-22 11:04:24,453 - src.scrapers.peoply - INFO - Successfully parsed event: Will Code For Dri*ks (2025-02-28 18:00:00+01:00 - 2025-02-28 18:00:00+01:00)
2025-02-22 11:04:24,453 - src.scrapers.peoply - INFO - Successfully parsed event: Buldring med IFI Rastløs (2025-03-03 09:00:00+01:00 - 2025-03-03 09:00:00+01:00)
2025-02-22 11:04:24,453 - src.scrapers.peoply - INFO - Successfully parsed event: Figma Workshop (2025-03-07 16:15:00+01:00 - 2025-03-07 18:00:00+01:00)
2025-02-22 11:04:24,453 - src.scrapers.peoply - INFO - Successfully parsed event: Smash Tournament! (2025-03-07 17:00:00+01:00 - 2025-03-07 20:00:00+01:00)
2025-02-22 11:04:24,454 - src.scrapers.peoply - INFO - Successfully parsed event: T-skjorte workshop (2025-03-10 16:15:00+01:00 - 2025-03-10 16:15:00+01:00)
2025-02-22 11:04:24,454 - src.scrapers.peoply - INFO - Successfully parsed event: Buldring med IFI Rastløs (2025-04-02 09:00:00+02:00 - 2025-04-02 09:00:00+02:00)
2025-02-22 11:04:24,454 - src.scrapers.peoply - INFO - Successfully parsed event: Generalforsamling (2025-04-23 16:15:00+02:00 - 2025-04-23 16:15:00+02:00)
2025-02-22 11:04:24,454 - src.scrapers.peoply - INFO - Successfully parsed event: Ettermiddagen@ifi (2025-04-25 12:00:00+02:00 - 2025-04-25 23:59:00+02:00)
2025-02-22 11:04:24,454 - __main__ - INFO - Found 13 events from peoply.app
2025-02-22 11:04:24,458 - __main__ - INFO - Merged duplicate event: GeoGuessr Turnering
2025-02-22 11:04:24,462 - __main__ - INFO - Merged duplicate event: Aking i Korketrekkeren
2025-02-22 11:04:24,463 - __main__ - INFO - Merged duplicate event: Generalforsamling V25
2025-02-22 11:04:24,464 - __main__ - INFO - Merged duplicate event: Kakefredag
2025-02-22 11:04:24,466 - __main__ - INFO - Merged duplicate event: Gratis buldring!
2025-02-22 11:04:24,467 - __main__ - INFO - Merged duplicate event: Will Code For Dri*ks
2025-02-22 11:04:24,468 - __main__ - INFO - Merged duplicate event: Buldring med IFI Rastløs
2025-02-22 11:04:24,469 - __main__ - INFO - Merged duplicate event: Figma Workshop
2025-02-22 11:04:24,469 - __main__ - INFO - Merged duplicate event: Smash Tournament!
2025-02-22 11:04:24,470 - __main__ - INFO - Merged duplicate event: T-skjorte workshop
2025-02-22 11:04:24,471 - __main__ - INFO - Merged duplicate event: Buldring med IFI Rastløs
2025-02-22 11:04:24,471 - __main__ - INFO - Merged duplicate event: Generalforsamling
2025-02-22 11:04:24,472 - __main__ - INFO - Merged duplicate event: Ettermiddagen@ifi
2025-02-22 11:04:24,472 - __main__ - INFO - Processed 13 events from peoply.app (0 new, 13 merged)
2025-02-22 11:04:24,472 - __main__ - INFO - 
2025-02-22 11:04:24,472 - __main__ - WARNING - Total: Found 13 events (0 new, 13 merged)
2025-02-22 11:04:24,472 - __main__ - INFO - 
--------------------------------------------------
2025-02-22 11:04:24,472 - __main__ - INFO - Processing source: navet
2025-02-22 11:04:24,472 - __main__ - INFO - Using cached data for ifinavet.no
2025-02-22 11:04:24,482 - src.scrapers.navet - INFO - Found 18 event cards
2025-02-22 11:04:24,484 - src.scrapers.navet - INFO - Fetching details for event: Bedriftspresentasjon med Stingray Marine Solutions
2025-02-22 11:04:24,488 - src.scrapers.navet - INFO - Fetching details for event: Bedriftspresentasjon med Sopra Steria
2025-02-22 11:04:24,491 - src.scrapers.navet - INFO - Fetching details for event: Bedriftspresentasjon med DNV
2025-02-22 11:04:24,496 - src.scrapers.navet - INFO - Fetching details for event: Bedriftspresentasjon med Norconsult
2025-02-22 11:04:24,500 - src.scrapers.navet - INFO - Fetching details for event: Bedriftspresentasjon med EY
2025-02-22 11:04:24,504 - src.scrapers.navet - INFO - Fetching details for event: Stor bedriftspresentasjon med DNB
2025-02-22 11:04:24,508 - src.scrapers.navet - INFO - Fetching details for event: Stor bedriftspresentasjon med Aker BP
2025-02-22 11:04:24,512 - src.scrapers.navet - INFO - Fetching details for event: Bedriftspresentasjon med DNV (1)
2025-02-22 11:04:24,516 - src.scrapers.navet - INFO - Fetching details for event: Workshop med Knowit
2025-02-22 11:04:24,520 - src.scrapers.navet - INFO - Fetching details for event: Bedriftspresentasjon med Mnemonic
2025-02-22 11:04:24,524 - src.scrapers.navet - INFO - Fetching details for event: Bedriftspresentasjon med Bekk
2025-02-22 11:04:24,545 - src.scrapers.navet - INFO - Fetching details for event: Workshop med Computas
2025-02-22 11:04:24,548 - src.scrapers.navet - INFO - Fetching details for event: Bedriftspresentasjon med Capgemini
2025-02-22 11:04:24,551 - src.scrapers.navet - INFO - Fetching details for event: Bedriftspresentasjon med Twoday
2025-02-22 11:04:24,554 - src.scrapers.navet - INFO - Fetching details for event: Workshop med Bouvet
2025-02-22 11:04:24,558 - src.scrapers.navet - INFO - Fetching details for event: Workshop med Telenor
2025-02-22 11:04:24,561 - src.scrapers.navet - INFO - Fetching details for event: Bedriftspresentasjon med Fremtind
2025-02-22 11:04:24,565 - src.scrapers.navet - INFO - Fetching details for event: Bedriftspresentasjon med Equinor
2025-02-22 11:04:24,570 - src.scrapers.navet - INFO - Successfully parsed 18 events
2025-02-22 11:04:24,570 - __main__ - INFO - Found 18 events from ifinavet.no
2025-02-22 11:04:24,571 - __main__ - INFO - Merged duplicate event: Bedriftspresentasjon med Stingray Marine Solutions
2025-02-22 11:04:24,572 - __main__ - INFO - Merged duplicate event: Bedriftspresentasjon med Sopra Steria
2025-02-22 11:04:24,574 - __main__ - INFO - Merged duplicate event: Bedriftspresentasjon med DNV
2025-02-22 11:04:24,575 - __main__ - INFO - Merged duplicate event: Bedriftspresentasjon med Norconsult
2025-02-22 11:04:24,576 - __main__ - INFO - Merged duplicate event: Bedriftspresentasjon med EY
2025-02-22 11:04:24,577 - __main__ - INFO - Merged duplicate event: Stor bedriftspresentasjon med DNB
2025-02-22 11:04:24,579 - __main__ - INFO - Merged duplicate event: Stor bedriftspresentasjon med Aker BP
2025-02-22 11:04:24,580 - __main__ - INFO - Merged duplicate event: Bedriftspresentasjon med DNV (1)
2025-02-22 11:04:24,581 - __main__ - INFO - Merged duplicate event: Workshop med Knowit
2025-02-22 11:04:24,582 - __main__ - INFO - Merged duplicate event: Bedriftspresentasjon med Mnemonic
2025-02-22 11:04:24,583 - __main__ - INFO - Merged duplicate event: Bedriftspresentasjon med Bekk
2025-02-22 11:04:24,584 - __main__ - INFO - Merged duplicate event: Workshop med Computas
2025-02-22 11:04:24,585 - __main__ - INFO - Merged duplicate event: Bedriftspresentasjon med Capgemini
2025-02-22 11:04:24,585 - __main__ - INFO - Merged duplicate event: Bedriftspresentasjon med Twoday
2025-02-22 11:04:24,586 - __main__ - INFO - Merged duplicate event: Workshop med Bouvet
2025-02-22 11:04:24,587 - __main__ - INFO - Merged duplicate event: Workshop med Telenor
2025-02-22 11:04:24,588 - __main__ - INFO - Merged duplicate event: Bedriftspresentasjon med Fremtind
2025-02-22 11:04:24,589 - __main__ - INFO - Merged duplicate event: Bedriftspresentasjon med Equinor
2025-02-22 11:04:24,589 - __main__ - INFO - Processed 18 events from ifinavet.no (0 new, 18 merged)
2025-02-22 11:04:24,589 - __main__ - INFO - 
2025-02-22 11:04:24,590 - __main__ - WARNING - Total: Found 18 events (0 new, 18 merged)
2025-02-22 11:04:24,590 - __main__ - INFO - 
--------------------------------------------------
2025-02-22 11:04:24,590 - __main__ - INFO - Processing source: facebook
2025-02-22 11:04:24,616 - __main__ - INFO - Using cached data for facebook.group
2025-02-22 11:04:24,617 - src.scrapers.facebook - INFO - Filtered out 1 'no results' records
2025-02-22 11:04:24,617 - src.scrapers.facebook - INFO - No valid posts found in response
2025-02-22 11:04:24,617 - __main__ - INFO - Found 0 events from facebook.group
2025-02-22 11:04:24,617 - __main__ - INFO - Processed 0 events from facebook.group (0 new, 0 merged)
2025-02-22 11:04:24,617 - __main__ - INFO - 
2025-02-22 11:04:24,617 - __main__ - WARNING - Total: Found 0 events (0 new, 0 merged)
2025-02-22 11:04:37,390 - __main__ - INFO - 

====================================================================================================
2025-02-22 11:04:37,390 - __main__ - INFO - Starting new fetch operation at 2025-02-22 11:04:37
2025-02-22 11:04:37,390 - __main__ - INFO - ====================================================================================================

2025-02-22 11:04:37,396 - __main__ - INFO - 
--------------------------------------------------
2025-02-22 11:04:37,397 - __main__ - INFO - Processing source: peoply
2025-02-22 11:04:37,397 - __main__ - INFO - Using cached data for peoply.app
2025-02-22 11:04:37,398 - src.scrapers.peoply - INFO - Found 13 events from API
2025-02-22 11:04:37,400 - src.scrapers.peoply - INFO - Successfully parsed event: GeoGuessr Turnering (2025-02-24 16:00:00+01:00 - 2025-02-24 16:00:00+01:00)
2025-02-22 11:04:37,400 - src.scrapers.peoply - INFO - Successfully parsed event: Aking i Korketrekkeren (2025-02-24 17:15:00+01:00 - 2025-02-24 17:15:00+01:00)
2025-02-22 11:04:37,400 - src.scrapers.peoply - INFO - Successfully parsed event: Generalforsamling V25 (2025-02-26 17:00:00+01:00 - 2025-02-26 17:00:00+01:00)
2025-02-22 11:04:37,400 - src.scrapers.peoply - INFO - Successfully parsed event: Kakefredag (2025-02-28 12:00:00+01:00 - 2025-02-28 12:00:00+01:00)
2025-02-22 11:04:37,400 - src.scrapers.peoply - INFO - Successfully parsed event: Gratis buldring! (2025-02-28 14:30:00+01:00 - 2025-02-28 14:30:00+01:00)
2025-02-22 11:04:37,400 - src.scrapers.peoply - INFO - Successfully parsed event: Will Code For Dri*ks (2025-02-28 18:00:00+01:00 - 2025-02-28 18:00:00+01:00)
2025-02-22 11:04:37,400 - src.scrapers.peoply - INFO - Successfully parsed event: Buldring med IFI Rastløs (2025-03-03 09:00:00+01:00 - 2025-03-03 09:00:00+01:00)
2025-02-22 11:04:37,400 - src.scrapers.peoply - INFO - Successfully parsed event: Figma Workshop (2025-03-07 16:15:00+01:00 - 2025-03-07 18:00:00+01:00)
2025-02-22 11:04:37,400 - src.scrapers.peoply - INFO - Successfully parsed event: Smash Tournament! (2025-03-07 17:00:00+01:00 - 2025-03-07 20:00:00+01:00)
2025-02-22 11:04:37,400 - src.scrapers.peoply - INFO - Successfully parsed event: T-skjorte workshop (2025-03-10 16:15:00+01:00 - 2025-03-10 16:15:00+01:00)
2025-02-22 11:04:37,400 - src.scrapers.peoply - INFO - Successfully parsed event: Buldring med IFI Rastløs (2025-04-02 09:00:00+02:00 - 2025-04-02 09:00:00+02:00)
2025-02-22 11:04:37,400 - src.scrapers.peoply - INFO - Successfully parsed event: Generalforsamling (2025-04-23 16:15:00+02:00 - 2025-04-23 16:15:00+02:00)
2025-02-22 11:04:37,401 - src.scrapers.peoply - INFO - Successfully parsed event: Ettermiddagen@ifi (2025-04-25 12:00:00+02:00 - 2025-04-25 23:59:00+02:00)
2025-02-22 11:04:37,401 - __main__ - INFO - Found 13 events from peoply.app
2025-02-22 11:04:37,405 - __main__ - INFO - Merged duplicate event: GeoGuessr Turnering
2025-02-22 11:04:37,407 - __main__ - INFO - Merged duplicate event: Aking i Korketrekkeren
2025-02-22 11:04:37,408 - __main__ - INFO - Merged duplicate event: Generalforsamling V25
2025-02-22 11:04:37,408 - __main__ - INFO - Merged duplicate event: Kakefredag
2025-02-22 11:04:37,409 - __main__ - INFO - Merged duplicate event: Gratis buldring!
2025-02-22 11:04:37,410 - __main__ - INFO - Merged duplicate event: Will Code For Dri*ks
2025-02-22 11:04:37,411 - __main__ - INFO - Merged duplicate event: Buldring med IFI Rastløs
2025-02-22 11:04:37,412 - __main__ - INFO - Merged duplicate event: Figma Workshop
2025-02-22 11:04:37,413 - __main__ - INFO - Merged duplicate event: Smash Tournament!
2025-02-22 11:04:37,414 - __main__ - INFO - Merged duplicate event: T-skjorte workshop
2025-02-22 11:04:37,415 - __main__ - INFO - Merged duplicate event: Buldring med IFI Rastløs
2025-02-22 11:04:37,416 - __main__ - INFO - Merged duplicate event: Generalforsamling
2025-02-22 11:04:37,417 - __main__ - INFO - Merged duplicate event: Ettermiddagen@ifi
2025-02-22 11:04:37,417 - __main__ - INFO - Processed 13 events from peoply.app (0 new, 13 merged)
2025-02-22 11:04:37,417 - __main__ - INFO - 
2025-02-22 11:04:37,417 - __main__ - WARNING - Total: Found 13 events (0 new, 13 merged)
2025-02-22 11:04:37,417 - __main__ - INFO - 
--------------------------------------------------
2025-02-22 11:04:37,417 - __main__ - INFO - Processing source: navet
2025-02-22 11:04:37,417 - __main__ - INFO - Using cached data for ifinavet.no
2025-02-22 11:04:37,428 - src.scrapers.navet - INFO - Found 18 event cards
2025-02-22 11:04:37,429 - src.scrapers.navet - INFO - Fetching details for event: Bedriftspresentasjon med Stingray Marine Solutions
2025-02-22 11:04:37,433 - src.scrapers.navet - INFO - Fetching details for event: Bedriftspresentasjon med Sopra Steria
2025-02-22 11:04:37,437 - src.scrapers.navet - INFO - Fetching details for event: Bedriftspresentasjon med DNV
2025-02-22 11:04:37,442 - src.scrapers.navet - INFO - Fetching details for event: Bedriftspresentasjon med Norconsult
2025-02-22 11:04:37,446 - src.scrapers.navet - INFO - Fetching details for event: Bedriftspresentasjon med EY
2025-02-22 11:04:37,450 - src.scrapers.navet - INFO - Fetching details for event: Stor bedriftspresentasjon med DNB
2025-02-22 11:04:37,454 - src.scrapers.navet - INFO - Fetching details for event: Stor bedriftspresentasjon med Aker BP
2025-02-22 11:04:37,457 - src.scrapers.navet - INFO - Fetching details for event: Bedriftspresentasjon med DNV (1)
2025-02-22 11:04:37,461 - src.scrapers.navet - INFO - Fetching details for event: Workshop med Knowit
2025-02-22 11:04:37,465 - src.scrapers.navet - INFO - Fetching details for event: Bedriftspresentasjon med Mnemonic
2025-02-22 11:04:37,470 - src.scrapers.navet - INFO - Fetching details for event: Bedriftspresentasjon med Bekk
2025-02-22 11:04:37,492 - src.scrapers.navet - INFO - Fetching details for event: Workshop med Computas
2025-02-22 11:04:37,496 - src.scrapers.navet - INFO - Fetching details for event: Bedriftspresentasjon med Capgemini
2025-02-22 11:04:37,499 - src.scrapers.navet - INFO - Fetching details for event: Bedriftspresentasjon med Twoday
2025-02-22 11:04:37,503 - src.scrapers.navet - INFO - Fetching details for event: Workshop med Bouvet
2025-02-22 11:04:37,506 - src.scrapers.navet - INFO - Fetching details for event: Workshop med Telenor
2025-02-22 11:04:37,509 - src.scrapers.navet - INFO - Fetching details for event: Bedriftspresentasjon med Fremtind
2025-02-22 11:04:37,513 - src.scrapers.navet - INFO - Fetching details for event: Bedriftspresentasjon med Equinor
2025-02-22 11:04:37,516 - src.scrapers.navet - INFO - Successfully parsed 18 events
2025-02-22 11:04:37,517 - __main__ - INFO - Found 18 events from ifinavet.no
2025-02-22 11:04:37,517 - __main__ - INFO - Merged duplicate event: Bedriftspresentasjon med Stingray Marine Solutions
2025-02-22 11:04:37,518 - __main__ - INFO - Merged duplicate event: Bedriftspresentasjon med Sopra Steria
2025-02-22 11:04:37,519 - __main__ - INFO - Merged duplicate event: Bedriftspresentasjon med DNV
2025-02-22 11:04:37,520 - __main__ - INFO - Merged duplicate event: Bedriftspresentasjon med Norconsult
2025-02-22 11:04:37,521 - __main__ - INFO - Merged duplicate event: Bedriftspresentasjon med EY
2025-02-22 11:04:37,521 - __main__ - INFO - Merged duplicate event: Stor bedriftspresentasjon med DNB
2025-02-22 11:04:37,522 - __main__ - INFO - Merged duplicate event: Stor bedriftspresentasjon med Aker BP
2025-02-22 11:04:37,523 - __main__ - INFO - Merged duplicate event: Bedriftspresentasjon med DNV (1)
2025-02-22 11:04:37,524 - __main__ - INFO - Merged duplicate event: Workshop med Knowit
2025-02-22 11:04:37,525 - __main__ - INFO - Merged duplicate event: Bedriftspresentasjon med Mnemonic
2025-02-22 11:04:37,525 - __main__ - INFO - Merged duplicate event: Bedriftspresentasjon med Bekk
2025-02-22 11:04:37,526 - __main__ - INFO - Merged duplicate event: Workshop med Computas
2025-02-22 11:04:37,527 - __main__ - INFO - Merged duplicate event: Bedriftspresentasjon med Capgemini
2025-02-22 11:04:37,528 - __main__ - INFO - Merged duplicate event: Bedriftspresentasjon med Twoday
2025-02-22 11:04:37,528 - __main__ - INFO - Merged duplicate event: Workshop med Bouvet
2025-02-22 11:04:37,529 - __main__ - INFO - Merged duplicate event: Workshop med Telenor
2025-02-22 11:04:37,530 - __main__ - INFO - Merged duplicate event: Bedriftspresentasjon med Fremtind
2025-02-22 11:04:37,531 - __main__ - INFO - Merged duplicate event: Bedriftspresentasjon med Equinor
2025-02-22 11:04:37,531 - __main__ - INFO - Processed 18 events from ifinavet.no (0 new, 18 merged)
2025-02-22 11:04:37,531 - __main__ - INFO - 
2025-02-22 11:04:37,531 - __main__ - WARNING - Total: Found 18 events (0 new, 18 merged)
2025-02-22 11:04:37,531 - __main__ - INFO - 
--------------------------------------------------
2025-02-22 11:04:37,532 - __main__ - INFO - Processing source: facebook
2025-02-22 11:04:37,556 - __main__ - INFO - Using cached data for facebook.group
2025-02-22 11:04:37,557 - src.scrapers.facebook - INFO - Filtered out 1 'no results' records
2025-02-22 11:04:37,557 - src.scrapers.facebook - INFO - No valid posts found in response
2025-02-22 11:04:37,557 - __main__ - INFO - Found 0 events from facebook.group
2025-02-22 11:04:37,557 - __main__ - INFO - Processed 0 events from facebook.group (0 new, 0 merged)
2025-02-22 11:04:37,557 - __main__ - INFO - 
2025-02-22 11:04:37,557 - __main__ - WARNING - Total: Found 0 events (0 new, 0 merged)
